<?xml version="1.0" encoding="UTF-8"?>
<!-- Generated by org.testng.reporters.JUnitXMLReporter -->
<testsuite ignored="1" hostname="DESKTOP-C9KS7J1" failures="0" tests="2" name="Submit Order Test" time="16.707" errors="0" timestamp="2024-04-09T21:57:09 EDT">
  <testcase classname="rahulpractice.tests.SubmitOrderTest" name="submitOrder" time="3.841"/>
  <testcase classname="rahulpractice.tests.SubmitOrderTest" name="submitOrder" time="0.0">
    <skipped/>
  </testcase> <!-- submitOrder -->
  <testcase classname="rahulpractice.tests.SubmitOrderTest" name="OrderHistoryTest" time="0.0">
    <ignored/>
  </testcase> <!-- OrderHistoryTest -->
</testsuite> <!-- Submit Order Test -->
