<?xml version="1.0" encoding="UTF-8"?>
<!-- Generated by org.testng.reporters.JUnitXMLReporter -->
<testsuite ignored="0" hostname="DESKTOP-C9KS7J1" failures="0" tests="3" name="Submit Order Test" time="19.985" errors="0" timestamp="2024-04-11T16:43:16 EDT">
  <testcase classname="rahulpractice.tests.SubmitOrderTest" name="submitOrder" time="3.669"/>
  <testcase classname="rahulpractice.tests.SubmitOrderTest" name="submitOrder" time="0.0">
    <skipped/>
  </testcase> <!-- submitOrder -->
  <testcase classname="rahulpractice.tests.SubmitOrderTest" name="OrderHistoryTest" time="0.0">
    <skipped/>
  </testcase> <!-- OrderHistoryTest -->
</testsuite> <!-- Submit Order Test -->
